<?xml version="1.0" encoding="UTF-8"?>
<!-- Generated by org.testng.reporters.JUnitReportReporter -->
<testsuite skipped="0" hostname="DESKTOP-KJEU6A0" name="cucumberOptions.TestRunner" tests="1" failures="0" timestamp="2021-08-17T16:44:40 EDT" time="146.675" errors="0">
  <testcase name="feature" time="146.675" classname="cucumberOptions.TestRunner"/>
  <system-out/>
</testsuite> <!-- cucumberOptions.TestRunner -->
