<?xml version="1.0" encoding="UTF-8"?>
<!-- Generated by org.testng.reporters.JUnitReportReporter -->
<testsuite hostname="DESKTOP-KJEU6A0" failures="0" tests="1" name="cucumberOptions.TestRunner" time="98.685" errors="0" timestamp="2021-08-17T16:36:28 GMT-04:00" skipped="0">
  <testcase classname="cucumberOptions.TestRunner" name="feature" time="98.685"/>
  <system-out/>
</testsuite> <!-- cucumberOptions.TestRunner -->
